#Stat  lon lat elev NPobs Pwsum NSobs Swsum
BIT6    -21.2669  64.0488  0.414    47   13.75     0    0.00
BL22    -21.4756  64.0407  0.320    23    6.38     0    0.00
FA44    -21.2701  64.1014  0.250    40   13.12     0    0.00
GA02    -21.3695  64.0948  0.295    77   20.38     0    0.00
GR43    -21.4182  64.0137  0.301    65   18.75     0    0.00
JA25    -21.3433  64.0404  0.395    80   28.12     0    0.00
KA01    -21.4136  63.9430  0.212    46   13.69     0    0.00
KA03    -21.1662  64.0789  0.346    16    3.25     0    0.00
LA24    -21.3854  64.0086  0.351    54   15.62     0    0.00
LA08    -21.4842  64.0046  0.268    35    8.56     0    0.00
LH40    -21.0489  64.0241  0.111    54   12.12     0    0.00
ME05    -21.4216  63.9856  0.310    70   18.69     0    0.00
NU27    -21.2510  64.0018  0.297    40    7.19     0    0.00
OH23    -21.3483  64.0260  0.378    51   11.44     0    0.00
OL42    -21.1406  64.1164  0.150    36    8.38     0    0.00
OL26    -21.2551  64.0629  0.374    68   20.62     0    0.00
RE09    -21.3750  64.0247  0.402    75   19.88     0    0.00
SK10    -21.3142  64.0474  0.428    65   18.50     0    0.00
TH21    -21.3718  64.0393  0.381    52   15.44     0    0.00
TH07    -21.3861  64.0644  0.441    80   24.50     0    0.00
TH04    -21.2477  63.9870  0.243    55   13.94     0    0.00
UR20    -21.3057  64.0163  0.345    54   13.75     0    0.00
VA41    -21.4685  64.0792  0.230    62   15.12     0    0.00
GRAF    -21.2617  64.1286  0.300    54   12.50     0    0.00
HUML    -21.3971  64.0513  0.326    66   20.50     0    0.00
HURD    -21.3189  64.0166  0.341     0    0.00     0    0.00
HVH_    -21.3354  64.0097  0.381    35    8.75     0    0.00
IND_    -21.3270  64.0688  0.100     0    0.00     0    0.00
INNS    -21.3260  64.0689  0.496    80   27.19     0    0.00
KOLD    -21.2700  64.0902  0.365    66   20.38     0    0.00
KRIS    -21.5015  64.0241  0.360    37    8.44     0    0.00
LAKA    -21.3866  64.0084  0.353     0    0.00     0    0.00
LSKA    -21.2996  64.0339  0.393    77   24.12     0    0.00
NESJ    -21.2351  64.1155  0.150    37    6.75     0    0.00
ORUS    -21.3495  64.0276  0.390     0    0.00     0    0.00
SHR_    -21.5015  64.0241  0.368     0    0.00     0    0.00
SKAR    -21.3476  64.0564  0.601     0    0.00     0    0.00
SKEG    -21.2988  64.1079  0.344    51   13.00     0    0.00
SVIN    -21.4500  64.0562  0.260    65   18.56     0    0.00
TROL    -21.3474  63.9972  0.441     0    0.00     0    0.00
BJA_    -21.3026  63.9459  0.057    35   10.44     0    0.00
EDA_    -21.3891  64.0826  0.250    73   16.19     0    0.00
ENG_    -21.4104  64.0878  0.275     0    0.00     0    0.00
HEI_    -21.2360  64.1998  0.162    35    4.88     0    0.00
KAS_    -21.8520  64.0229  0.108    34    5.38     0    0.00
KRO_    -21.1198  64.0981  0.147    26    5.44     0    0.00
SAN_    -21.5701  64.0560  0.208    44    9.50     0    0.00
SOL_    -20.9436  63.9290  0.030    56   16.31     0    0.00
VOS_    -21.7036  63.8528  0.008    24    4.00     0    0.00
BLIK    -21.7395  64.1611  0.012     6    1.75     0    0.00
BRIM    -21.8224  64.2095  0.037    19    4.81     0    0.00
ESJA    -21.7536  64.2085  0.045     3    0.62     0    0.00
GA1_    -21.8146  64.1647  0.008     5    1.50     0    0.00
GA2_    -21.8137  64.1652  0.015     3    0.50     0    0.00
GA3_    -21.8132  64.1656  0.025     2    0.50     0    0.00
GA4_    -21.8129  64.1660  0.022     3    0.88     0    0.00
GA5_    -21.8133  64.1662  0.022     4    0.88     0    0.00
GA6_    -21.8141  64.1661  0.019     1    0.12     0    0.00
GA7_    -21.8163  64.1664  0.012     1    0.12     0    0.00
GELA    -21.7835  64.1628  0.014    30    8.50     0    0.00
GELV    -21.8018  64.1734  0.015    21    4.94     0    0.00
GELE    -21.7917  64.1690  0.008     6    2.50     0    0.00
GELW    -21.8243  64.1720  0.015     5    1.12     0    0.00
GOF1    -21.7488  64.1645  0.010     0    0.00     0    0.00
GOF2    -21.7464  64.1642  0.037     0    0.00     0    0.00
GOF3    -21.7469  64.1644  0.049     0    0.00     0    0.00
KH02    -21.7673  64.1405  0.052     0    0.00     0    0.00
LYKK    -21.8520  64.2397  0.018     4    0.88     0    0.00
NIDU    -21.7710  64.1769  0.028    30    7.56     0    0.00
R42_    -21.7487  64.1644  0.010     2    0.50     0    0.00
RH01    -21.7899  64.1641  0.026     5    1.12     0    0.00
SKOL    -21.8369  64.1591  0.024    18    2.69     0    0.00
VIDE    -21.8702  64.1722  0.012    30    6.06     0    0.00
