#lon      lat      dep  mag  yy   mm dd hh mi ss    rms   gap mdist  nobs  wsum  used evscore gridID TotEventsPerGrid EventID
 -21.1921  64.0466   1.7  1.4 2018 11 24 02 51 12.3  0.020 155   3.6  10   2.0   1  0.000        -9     1 KP201811240251      
 -21.3595  64.0051   2.2  2.4 2018 11 29 05 25 40.9  0.040  89   1.3  15   3.6   1  0.000        -9     1 KP201811290525      
 -21.3604  64.0052   2.2  2.6 2018 11 29 05 26 36.1  0.050  88   1.3  25   4.2   1  0.000        -9     1 KP201811290526      
 -21.3648  64.0040   1.9  1.6 2018 11 29 05 39 06.6  0.050 116   1.1  16   5.5   1  0.000        -9     1 KP201811290539      
 -21.4174  64.0169   2.3  2.1 2018 11 30 06 40 42.0  0.050  86   0.4  22   4.9   1  0.000        -9     1 KP201811300640      
 -21.2422  64.0509   3.7  1.6 2018 12 01 11 06 59.1  0.040 105   1.5  23   6.8   1  0.000        -9     1 KP201812011106      
 -21.3828  63.9547   5.9  2.0 2018 12 04 13 44 09.6  0.040 125   2.0  27   9.0   1  0.000        -9     1 KP201812041344      
 -21.3628  63.9962   1.9  2.1 2018 12 07 23 06 56.3  0.060  93   1.8  19   5.4   1  0.000        -9     1 KP201812072306      
 -21.3953  64.0477   2.8  2.5 2018 12 08 19 23 58.1  0.040  54   0.4  28   6.6   1  0.000        -9     1 KP201812081923      
 -21.3945  64.0485   2.7  2.2 2018 12 08 19 30 38.9  0.040  41   0.3  31   8.2   1  0.000        -9     1 KP201812081930      
 -21.3960  64.0475   2.8  2.1 2018 12 08 19 32 42.2  0.040  41   0.4  30   9.1   1  0.000        -9     1 KP201812081932      
 -21.1705  64.0645   5.6  1.3 2018 12 10 01 39 10.1  0.030  94   1.6  24   7.5   1  0.000        -9     1 KP201812100139      
 -21.3923  64.0599   2.5  1.8 2018 12 10 21 41 58.9  0.040  84   0.6  28   4.8   1  0.000        -9     1 KP201812102141      
 -21.3910  64.0612   2.5  1.4 2018 12 10 21 48 56.5  0.030 117   0.4  13   4.6   1  0.000        -9     1 KP201812102148      
 -21.3936  64.0587   2.5  1.1 2018 12 10 22 09 08.5  0.030 100   0.8  22   5.4   1  0.000        -9     1 KP201812102209      
 -21.3882  64.0589   2.3  1.1 2018 12 10 22 24 29.6  0.060  69   0.6  22   6.1   1  0.000        -9     1 KP201812102224      
 -21.3783  64.0470   2.0  2.0 2018 12 22 06 51 05.3  0.040  40   0.9  29   8.8   1  0.000        -9     1 KP201812220651      
 -21.2616  64.1076   6.0  1.8 2018 12 24 18 27 47.0  0.080  89   1.8  22   4.2   1  0.000        -9     1 KP201812241827      
 -21.3955  64.0333   2.2  2.3 2018 12 30 03 00 38.9  0.030  60   1.3  25   6.6   1  0.000        -9     1 KP201812300300      
 -21.3376  63.9538   6.2  1.9 2018 12 30 04 24 45.1  0.040 121   1.9  31   9.5   1  0.000        -9     1 KP201812300424      
 -21.3242  63.9487   5.8  1.6 2018 12 30 09 00 43.8  0.030 155   1.1  28   8.8   1  0.000        -9     1 KP201812300900      
 -21.3845  63.9540   6.0  2.3 2018 12 30 09 27 37.3  0.040 127   1.9  25   6.4   1  0.000        -9     1 KP201812300927      
 -21.3280  63.9520   4.7  2.3 2018 12 30 12 40 46.7  0.050 121   1.4  31   8.2   1  0.000        -9     1 KP201812301240      
 -21.2714  63.9211   4.1  1.5 2019 01 06 23 12 16.1  0.040 164   7.4  28   6.6   1  0.000        -9     1 KP201901062312      
 -21.1937  64.0477   4.6  1.8 2019 01 18 08 37 26.3  0.030 125   3.4  20   5.6   1  0.000        -9     1 KP201901180837      
 -21.1842  64.0655   5.6  1.7 2019 01 22 03 31 32.5  0.050 104   4.4  22   5.9   1  0.000        -9     1 KP201901220331      
 -21.3917  64.0481   2.1  2.4 2019 01 31 20 34 02.5  0.050  38   0.4  27   8.1   1  0.000        -9     1 KP201901312034      
 -21.3929  64.0495   2.3  1.4 2019 02 03 19 40 34.9  0.030  53   0.3  28  10.3   1  0.000        -9     1 KP201902031940      
 -21.3933  64.0503   2.3  1.7 2019 02 03 19 42 03.6  0.030  52   0.2  28   9.8   1  0.000        -9     1 KP201902031942      
 -21.3930  64.0496   2.3  1.6 2019 02 03 19 43 04.8  0.050  53   0.3  25   9.2   1  0.000        -9     1 KP201902031943      
 -21.3906  64.0502   2.2  2.2 2019 02 03 20 02 20.2  0.050  51   0.3  34   9.2   1  0.000        -9     1 KP201902032002      
 -21.3937  64.0492   2.3  1.9 2019 02 03 20 02 57.5  0.050  53   0.3  25   9.8   1  0.000        -9     1 KP201902032002_1    
 -21.3936  64.0494   1.8  2.8 2019 02 03 20 56 43.2  0.040  61   3.9  25   7.3   1  0.000        -9     1 KP201902032056      
 -21.3927  64.0489   2.3  1.6 2019 02 03 20 58 16.4  0.030  76   2.6  22   9.6   1  0.000        -9     1 KP201902032058      
 -21.1918  64.0484   4.5  1.9 2019 02 05 17 47 00.1  0.030 118   3.5  24   8.0   1  0.000        -9     1 KP201902051747      
 -21.2468  64.0512   3.6  1.1 2019 02 11 19 17 19.7  0.040  97   1.0  27   8.8   1  0.000        -9     1 KP201902111917      
 -21.5931  64.0249   3.2  1.9 2019 02 14 19 06 45.8  0.080 109   3.6  28   8.9   1  0.000        -9     1 KP201902141906      
 -21.2456  64.0507   3.7  1.7 2019 02 15 22 45 44.5  0.050  97   1.1  29  10.4   1  0.000        -9     1 KP201902152245      
 -21.3578  64.0003   1.9  1.7 2019 02 21 06 56 34.3  0.060 137   1.5  22   8.1   1  0.000        -9     1 KP201902210656      
 -21.3580  64.0015   1.8  1.9 2019 02 22 08 39 16.1  0.070  91   1.4  31   8.0   1  0.000        -9     1 KP201902220839      
 -21.3508  64.0070   2.3  2.1 2019 02 27 13 34 05.3  0.070  55   1.7  23   7.9   1  0.000        -9     1 KP201902271334      
 -21.4126  64.0384   3.0  0.8 2019 03 09 05 11 03.0  0.030 109   1.6  11   3.5   1  0.000        -9     1 KP201903090511      
 -21.3810  64.0462   2.2  0.5 2019 03 14 10 19 18.1  0.020  82   1.0  10   2.2   1  0.000        -9     1 KP201903141019      
 -21.2625  64.0542   3.8  1.3 2019 03 19 09 30 03.8  0.050  87   0.6  27   6.9   1  0.000        -9     1 KP201903190930      
 -21.2635  64.0532   3.7  0.4 2019 03 19 09 56 15.4  0.030 153   1.2  12   3.8   1  0.000        -9     1 KP201903190956      
 -21.2655  64.0541   3.6  0.6 2019 03 19 10 56 50.4  0.020 146   0.6  14   4.4   1  0.000        -9     1 KP201903191056      
 -21.2647  64.0568   3.9  0.3 2019 03 19 17 03 26.0  0.030 152   0.8  15   3.9   1  0.000        -9     1 KP201903191703      
 -21.3925  64.0582   2.7  2.5 2019 03 23 11 39 26.1  0.040  58   0.8  39  13.6   1  0.000        -9     1 KP201903231139      
 -21.3953  64.0410   2.1  2.2 2019 03 23 13 48 04.7  0.040  46   1.2  36  14.8   1  0.000        -9     1 KP201903231348      
 -21.2412  64.1060   2.5  1.6 2019 03 28 09 37 22.8  0.060  75   2.7  24   3.7   1  0.000        -9     1 KP201903280937      
 -21.2505  64.1149   5.0  1.5 2019 04 03 09 55 07.6  0.050  94   0.8  17   4.0   1  0.000        -9     1 KP201904030955      
 -21.3532  64.0088   2.0  3.0 2019 04 03 10 01 14.7  0.050  45   0.9  38   7.1   1  0.000        -9     1 KP201904031001      
 -21.2394  64.0487   4.2  2.8 2019 04 05 20 17 18.0  0.030 121   1.3  29   6.8   1  0.000        -9     1 KP201904052017      
 -21.2388  64.0485   4.1  2.3 2019 04 06 15 50 32.2  0.040 113   1.4  34   7.8   1  0.000        -9     1 KP201904061550      
 -21.2370  64.0503   3.7  2.4 2019 04 08 14 02 47.7  0.040 137   1.7  26   5.6   1  0.000        -9     1 KP201904081402      
 -21.4388  64.0084   3.8  0.5 2019 04 11 03 23 45.7  0.050  98   1.2  16   3.2   1  0.000        -9     1 KP201904110323      
 -21.2659  64.1108   5.7  1.9 2019 04 26 06 51 53.5  0.050  78   1.1  33   9.4   1  0.000        -9     1 KP201904260651      
 -21.1774  64.0594   4.7  1.5 2019 04 28 22 31 00.0  0.050 108   2.2  19   5.8   1  0.000        -9     1 KP201904282231      
 -21.3830  64.0461   2.0  1.3 2019 04 29 19 52 39.0  0.040  84   0.9  18   5.1   1  0.000        -9     1 KP201904291952      
 -21.2067  64.0480   4.6  1.9 2019 04 29 20 54 47.5  0.040  79   2.9  29   6.9   1  0.000        -9     1 KP201904292054      
 -21.2368  64.0504   4.0  2.4 2019 05 12 11 58 07.2  0.040 114   1.5  26   5.6   1  0.000        -9     1 KP201905121158      
 -21.3634  63.9979   2.1  0.9 2019 05 16 14 24 29.2  0.030  59   1.6  12   2.5   1  0.000        -9     1 KP201905161424      
 -21.2396  64.1248   4.5  0.8 2019 05 19 14 05 46.5  0.040 169   1.2  19   4.2   1  0.000        -9     1 KP201905191405      
 -21.1898  64.0620   4.7  1.1 2019 05 20 21 05 23.1  0.040  90   2.2  17   3.1   1  0.000        -9     1 KP201905202105      
 -21.1895  64.0609   5.1  1.0 2019 05 21 18 36 06.3  0.040  81   3.2  19   3.6   1  0.000        -9     1 KP201905211836      
 -21.3627  64.0441   2.0  0.4 2019 05 22 05 47 56.9  0.010  81   0.7  11   3.9   1  0.000        -9     1 KP201905220547      
 -21.3391  64.1106   4.6  2.3 2019 05 24 09 00 01.9  0.070  91   2.0  37   9.4   1  0.000        -9     1 KP201905240900      
 -21.3650  64.0040   1.6  2.9 2019 05 24 19 36 00.8  0.060  55   1.1  31   7.1   1  0.000        -9     1 KP201905241936      
 -21.4326  63.9294   6.0  1.1 2019 05 25 11 17 32.5  0.040 148   1.8  30   5.3   1  0.000        -9     1 KP201905251117      
 -21.3372  64.1156   5.2  2.5 2019 05 26 09 55 31.7  0.040 100   2.1  29   8.1   1  0.000        -9     1 KP201905260955      
 -21.3396  64.1141   4.6  1.9 2019 05 26 10 00 16.6  0.060 138   2.1  31   7.5   1  0.000        -9     1 KP201905261000      
 -21.3403  64.1121   4.7  0.8 2019 05 26 10 57 11.5  0.030 135   2.1  20   2.4   1  0.000        -9     1 KP201905261057      
 -21.3354  64.1150   4.5  0.9 2019 05 26 15 42 35.2  0.050 139   2.0  25   5.8   1  0.000        -9     1 KP201905261542      
 -21.1050  63.9417   9.7  1.6 2019 05 27 02 07 23.7  0.060 152   8.0  24   4.1   1  0.000        -9     1 KP201905270207      
 -21.3596  64.0494   2.1  0.6 2019 05 27 08 29 09.2  0.040  75   1.3  12   3.0   1  0.000        -9     1 KP201905270829      
 -21.3390  64.1138   5.0  0.4 2019 05 27 21 22 32.2  0.050 138   2.6  12   3.0   1  0.000        -9     1 KP201905272122      
 -21.2737  64.1083   1.8  0.7 2019 05 31 18 17 13.9  0.040 159   0.8  10   2.9   1  0.000        -9     1 KP201905311817      
 -21.2728  64.1066   1.8  1.1 2019 05 31 18 30 59.5  0.030 128   0.6  18   4.9   1  0.000        -9     1 KP201905311830      
 -21.3604  64.0510   2.1  0.1 2019 06 03 00 08 32.3  0.030 106   1.4  10   3.0   1  0.000        -9     1 KP201906030008      
 -21.2352  64.1225   3.5  1.2 2019 06 03 13 28 36.6  0.090 116   0.8  30   6.1   1  0.000        -9     1 KP201906031328      
 -21.5803  64.0133   3.9  1.9 2019 06 16 09 57 15.8  0.060  76   4.8  29   6.8   1  0.000        -9     1 KP201906160957      
 -21.4000  64.0524   2.4  1.1 2019 06 17 16 32 16.2  0.040  94   1.5  16   3.6   1  0.000        -9     1 KP201906171632      
 -21.3898  64.0553   2.1  1.3 2019 06 27 01 51 06.8  0.030 108   1.0  19   5.4   1  0.000        -9     1 KP201906270151      
 -21.3959  64.0508   3.8  0.4 2019 06 30 00 48 48.3  0.040  66   0.1  18   3.4   1  0.000        -9     1 KP201906300048      
 -21.3965  64.0551   2.1  1.4 2019 07 03 20 09 52.3  0.030  59   0.4  29   5.6   1  0.000        -9     1 KP201907032009_1    
 -21.3985  64.0560   2.7  1.7 2019 07 10 19 58 14.8  0.050  71   0.5  35   8.3   1  0.000        -9     1 KP201907101958      
 -21.3828  64.0473   2.0  1.9 2019 07 24 04 41 06.4  0.040  49   0.8  37  10.4   1  0.000        -9     1 KP201907240441      
 -21.3925  63.9330   3.5  2.3 2019 07 25 22 33 52.4  0.050 149   4.6  58  10.7   1  0.000        -9     1 KP201907252233      
 -21.1801  64.0577   5.1  1.8 2019 08 28 02 31 35.7  0.070  87   5.4  29   7.1   1  0.000        -9     1 KP201908280231      
 -21.2739  64.0854   1.4  2.1 2019 09 11 01 15 53.1  0.080  68   0.6  43   9.8   1  0.000        -9     1 KP201909110115      
 -21.1478  64.0634   5.4  3.0 2019 09 11 09 42 46.5  0.050 113   4.1  34   8.9   1  0.000        -9     1 KP201909110942      
 -21.8005  64.1785   2.1  1.0 2019 10 27 04 48 51.6  0.040 114   0.6   8   2.9   1  0.000        -9     1 KP201910270448      
 -21.8002  64.1786   1.9  0.1 2019 10 27 05 50 21.3  0.010 115   1.1   9   3.0   1  0.000        -9     1 KP201910270550      
 -21.8004  64.1775   2.1  0.6 2019 10 27 07 29 29.6  0.020  83   0.5  10   3.4   1  0.000        -9     1 KP201910270729      
 -21.8010  64.1782   1.9  0.8 2019 10 27 23 26 23.5  0.010 112   0.5   8   3.4   1  0.000        -9     1 KP201910272326      
 -21.8003  64.1778   1.9  0.1 2019 10 28 14 55 25.9  0.020 111   0.5   9   3.2   1  0.000        -9     1 KP201910281455      
 -21.8002  64.1775   2.0  0.7 2019 10 28 21 05 03.0  0.010 170   0.5   8   2.4   1  0.000        -9     1 KP201910282105_1    
 -21.2611  64.1120   6.0  1.5 2020 02 04 19 25 29.4  0.050  78   1.3  30   6.1   1  0.000        -9     1 KP202002041925      
 -21.1512  64.0357   2.8  1.2 2020 02 12 05 39 44.2  0.070 143   4.9  25   5.1   1  0.000        -9     1 KP202002120539      
