#Stat  lon lat elev NPobs Pwsum NSobs Swsum
BIT6    -21.2669  64.0488  0.414    70   56.88    46   13.50
BL22    -21.4756  64.0407  0.320    74   61.38    22    6.12
FA44    -21.2701  64.1014  0.250    45   37.25    40   13.12
GA02    -21.3695  64.0948  0.295    87   80.75    73   19.38
GR43    -21.4182  64.0137  0.301    73   61.38    61   17.88
JA25    -21.3433  64.0404  0.395    86   73.12    76   26.88
KA01    -21.4136  63.9430  0.212    68   49.25    44   13.19
KA03    -21.1662  64.0789  0.346    55   43.38    15    3.12
LA24    -21.3854  64.0086  0.351    75   61.88    52   14.88
LA08    -21.4842  64.0046  0.268    61   51.75    33    7.81
LH40    -21.0489  64.0241  0.111    64   45.00    52   11.75
ME05    -21.4216  63.9856  0.310    77   67.50    67   18.19
NU27    -21.2510  64.0018  0.297    68   57.00    38    6.81
OH23    -21.3483  64.0260  0.378    78   65.50    48   10.62
OL42    -21.1406  64.1164  0.150    62   52.00    34    8.00
OL26    -21.2551  64.0629  0.374    80   69.62    66   19.88
RE09    -21.3750  64.0247  0.402    76   62.12    71   19.00
SK10    -21.3142  64.0474  0.428    70   58.50    61   17.62
TH21    -21.3718  64.0393  0.381    60   47.38    51   15.19
TH07    -21.3861  64.0644  0.441    85   77.75    78   24.00
TH04    -21.2477  63.9870  0.243    81   64.38    53   13.56
UR20    -21.3057  64.0163  0.345    78   67.12    51   13.12
VA41    -21.4685  64.0792  0.230    71   60.50    60   14.38
GRAF    -21.2617  64.1286  0.300    70   58.00    52   12.25
HUML    -21.3971  64.0513  0.326    69   62.00    64   20.12
HURD    -21.3189  64.0166  0.341     0    0.00     0    0.00
HVH_    -21.3354  64.0097  0.381    55   38.50    34    8.50
IND_    -21.3270  64.0688  0.100     0    0.00     0    0.00
INNS    -21.3260  64.0689  0.496    81   76.00    78   26.69
KOLD    -21.2700  64.0902  0.365    74   65.25    63   19.75
KRIS    -21.5015  64.0241  0.360    61   50.50    36    7.94
LAKA    -21.3866  64.0084  0.353     0    0.00     0    0.00
LSKA    -21.2996  64.0339  0.393    85   76.25    73   23.25
NESJ    -21.2351  64.1155  0.150    66   51.50    36    6.50
ORUS    -21.3495  64.0276  0.390     0    0.00     0    0.00
SHR_    -21.5015  64.0241  0.368     0    0.00     0    0.00
SKAR    -21.3476  64.0564  0.601     0    0.00     0    0.00
SKEG    -21.2988  64.1079  0.344    69   59.50    49   12.44
SVIN    -21.4500  64.0562  0.260    78   63.38    62   17.69
TROL    -21.3474  63.9972  0.441     0    0.00     0    0.00
BJA_    -21.3026  63.9459  0.057    59   45.38    33    9.31
EDA_    -21.3891  64.0826  0.250    84   68.12    70   15.56
ENG_    -21.4104  64.0878  0.275     0    0.00     0    0.00
HEI_    -21.2360  64.1998  0.162    57   46.38    32    4.50
KAS_    -21.8520  64.0229  0.108    44   26.50    32    5.00
KRO_    -21.1198  64.0981  0.147    37   28.75    25    5.19
SAN_    -21.5701  64.0560  0.208    61   46.62    42    9.00
SOL_    -20.9436  63.9290  0.030    61   42.88    55   16.06
VOS_    -21.7036  63.8528  0.008    25   17.12    23    3.50
BLIK    -21.7395  64.1611  0.012     6    4.75     4    1.25
BRIM    -21.8224  64.2095  0.037    24   13.88    15    3.06
ESJA    -21.7536  64.2085  0.045     6    4.50     2    0.38
GA1_    -21.8146  64.1647  0.008     3    2.50     3    0.75
GA2_    -21.8137  64.1652  0.015     3    3.00     3    0.50
GA3_    -21.8132  64.1656  0.025     3    3.00     2    0.50
GA4_    -21.8129  64.1660  0.022     3    3.00     2    0.38
GA5_    -21.8133  64.1662  0.022     4    3.25     3    0.62
GA6_    -21.8141  64.1661  0.019     3    2.50     1    0.12
GA7_    -21.8163  64.1664  0.012     3    2.50     1    0.12
GELA    -21.7835  64.1628  0.014    32   18.25    25    6.50
GELV    -21.8018  64.1734  0.015    28   18.00    16    3.06
GELE    -21.7917  64.1690  0.008     6    6.00     3    1.25
GELW    -21.8243  64.1720  0.015     5    3.50     2    0.38
GOF1    -21.7488  64.1645  0.010     0    0.00     0    0.00
GOF2    -21.7464  64.1642  0.037     0    0.00     0    0.00
GOF3    -21.7469  64.1644  0.049     1    0.50     0    0.00
KH02    -21.7673  64.1405  0.052     0    0.00     0    0.00
LYKK    -21.8520  64.2397  0.018     6    4.25     4    0.88
NIDU    -21.7710  64.1769  0.028    32   21.75    27    6.31
R42_    -21.7487  64.1644  0.010     3    1.75     2    0.50
RH01    -21.7899  64.1641  0.026     5    2.62     5    1.12
SKOL    -21.8369  64.1591  0.024    22   11.38    14    1.88
VIDE    -21.8702  64.1722  0.012    25   15.75    27    5.31
