#lon      lat      dep  mag  yy   mm dd hh mi ss    rms   gap mdist  nobs  wsum  used evscore gridID TotEventsPerGrid EventID
 -21.1883  64.0460   1.2  1.4 2018 11 24 02 51 12.5  0.040  80   3.8  40  21.2   1  0.000        -9     1 KP201811240251      
 -21.3531  64.0044   1.9  2.4 2018 11 29 05 25 41.1  0.040  47   1.0  51  34.1   1  0.000        -9     1 KP201811290525      
 -21.3552  64.0043   1.9  2.6 2018 11 29 05 26 36.2  0.040  46   1.1  61  20.4   1  0.000        -9     1 KP201811290526      
 -21.3624  64.0035   1.8  1.6 2018 11 29 05 39 06.7  0.020  47   1.3  34  21.0   1  0.000        -9     1 KP201811290539      
 -21.4192  64.0170   2.1  2.1 2018 11 30 06 40 42.1  0.030  65   0.4  55  35.4   1  0.000        -9     1 KP201811300640      
 -21.2372  64.0490   3.4  1.6 2018 12 01 11 06 59.4  0.040  60   1.8  48  30.8   1  0.000        -9     1 KP201812011106      
 -21.3793  63.9548   5.7  2.0 2018 12 04 13 44 09.8  0.030 127   2.1  61  41.0   1  0.000        -9     1 KP201812041344      
 -21.3605  63.9960   1.6  2.1 2018 12 07 23 06 56.5  0.040  51   1.9  50  23.9   1  0.000        -9     1 KP201812072306      
 -21.3974  64.0477   2.7  2.5 2018 12 08 19 23 58.3  0.020  47   0.4  65  39.1   1  0.000        -9     1 KP201812081923      
 -21.3963  64.0483   2.6  2.2 2018 12 08 19 30 39.1  0.020  39   0.3  68  42.2   1  0.000        -9     1 KP201812081930      
 -21.3975  64.0473   2.7  2.1 2018 12 08 19 32 42.4  0.020  47   0.4  67  44.2   1  0.000        -9     1 KP201812081932      
 -21.1718  64.0601   5.0  1.3 2018 12 10 01 39 10.3  0.030  93   2.1  55  34.2   1  0.000        -9     1 KP201812100139      
 -21.3955  64.0596   2.3  1.8 2018 12 10 21 41 59.1  0.020  65   0.7  63  31.8   1  0.000        -9     1 KP201812102141      
 -21.3940  64.0609   2.4  1.4 2018 12 10 21 48 56.7  0.020 118   0.5  30  18.6   1  0.000        -9     1 KP201812102148      
 -21.3965  64.0591   2.3  1.1 2018 12 10 22 09 08.7  0.020  65   0.8  45  25.1   1  0.000        -9     1 KP201812102209      
 -21.3938  64.0588   2.2  1.1 2018 12 10 22 24 29.8  0.020  74   0.7  48  25.2   1  0.000        -9     1 KP201812102224      
 -21.3810  64.0470   1.9  2.0 2018 12 22 06 51 05.5  0.020  43   0.9  68  42.8   1  0.000        -9     1 KP201812220651      
 -21.2618  64.1053   5.8  1.8 2018 12 24 18 27 47.3  0.040  81   1.7  58  38.0   1  0.000        -9     1 KP201812241827      
 -21.3964  64.0329   2.2  2.3 2018 12 30 03 00 39.1  0.050  38   1.4  60  39.1   1  0.000        -9     1 KP201812300300      
 -21.3330  63.9539   5.8  1.9 2018 12 30 04 24 45.4  0.030 118   1.7  68  42.0   1  0.000        -9     1 KP201812300424      
 -21.3797  63.9542   5.8  2.3 2018 12 30 09 27 37.5  0.030 129   2.1  61  40.9   1  0.000        -9     1 KP201812300927      
 -21.3225  63.9498   4.7  2.3 2018 12 30 12 40 46.8  0.030 126   1.1  66  41.2   1  0.000        -9     1 KP201812301240      
 -21.2657  63.9199   3.2  1.5 2019 01 06 23 12 16.3  0.040 165   7.5  63  39.1   1  0.000        -9     1 KP201901062312      
 -21.1916  64.0464   4.2  1.8 2019 01 18 08 37 26.5  0.020  92   3.6  55  38.6   1  0.000        -9     1 KP201901180837      
 -21.1868  64.0602   5.0  1.7 2019 01 22 03 31 32.8  0.030 101   3.3  56  36.9   1  0.000        -9     1 KP201901220331      
 -21.3935  64.0485   2.0  2.4 2019 01 31 20 34 02.7  0.020  33   0.4  65  45.6   1  0.000        -9     1 KP201901312034      
 -21.3951  64.0496   2.2  1.4 2019 02 03 19 40 35.1  0.020  35   0.2  62  42.1   1  0.000        -9     1 KP201902031940      
 -21.3951  64.0498   2.2  1.7 2019 02 03 19 42 03.8  0.020  35   0.2  63  41.1   1  0.000        -9     1 KP201902031942      
 -21.3950  64.0496   2.2  1.6 2019 02 03 19 43 05.0  0.020  35   0.2  57  37.9   1  0.000        -9     1 KP201902031943      
 -21.3935  64.0498   2.1  2.2 2019 02 03 20 02 20.4  0.020  50   0.2  70  40.7   1  0.000        -9     1 KP201902032002      
 -21.3957  64.0492   2.2  1.9 2019 02 03 20 02 57.6  0.020  35   0.2  61  42.3   1  0.000        -9     1 KP201902032002_1    
 -21.3954  64.0490   2.2  2.8 2019 02 03 20 56 43.5  0.020  61   4.0  53  35.3   1  0.000        -9     1 KP201902032056      
 -21.3945  64.0485   2.1  1.6 2019 02 03 20 58 16.6  0.020  36   0.3  56  39.6   1  0.000        -9     1 KP201902032058      
 -21.1927  64.0458   4.2  1.9 2019 02 05 17 47 00.3  0.020  91   3.6  57  39.2   1  0.000        -9     1 KP201902051747      
 -21.2445  64.0487   3.6  1.1 2019 02 11 19 17 19.9  0.020  72   1.1  59  35.5   1  0.000        -9     1 KP201902111917      
 -21.5995  64.0284   3.4  1.9 2019 02 14 19 06 45.9  0.050 118   3.4  66  40.8   1  0.000        -9     1 KP201902141906      
 -21.2441  64.0488   3.6  1.7 2019 02 15 22 45 44.7  0.030  72   1.1  65  44.9   1  0.000        -9     1 KP201902152245      
 -21.3558  63.9999   1.8  1.7 2019 02 21 06 56 34.5  0.040  87   1.5  47  28.4   1  0.000        -9     1 KP201902210656      
 -21.3562  64.0011   1.6  1.9 2019 02 22 08 39 16.3  0.050  47   1.4  64  31.0   1  0.000        -9     1 KP201902220839      
 -21.3438  64.0063   1.9  2.1 2019 02 27 13 34 05.5  0.040  49   0.6  49  31.4   1  0.000        -9     1 KP201902271334      
 -21.4125  64.0378   2.7  0.8 2019 03 09 05 11 03.2  0.020  65   1.7  22   7.5   1  0.000        -9     1 KP201903090511      
 -21.2616  64.0519   3.4  1.3 2019 03 19 09 30 04.0  0.020  49   0.4  62  34.5   1  0.000        -9     1 KP201903190930      
 -21.2628  64.0519   3.5  0.4 2019 03 19 09 56 15.6  0.020 117   0.4  28  10.5   1  0.000        -9     1 KP201903190956      
 -21.2632  64.0523   3.5  0.6 2019 03 19 10 56 50.6  0.020  67   0.4  33  11.9   1  0.000        -9     1 KP201903191056      
 -21.2644  64.0553   3.7  0.3 2019 03 19 17 03 26.3  0.030 161   0.7  27   8.7   1  0.000        -9     1 KP201903191703      
 -21.3942  64.0579   2.6  2.5 2019 03 23 11 39 26.3  0.020  59   0.7  84  56.9   1  0.000        -9     1 KP201903231139      
 -21.3977  64.0407   2.0  2.2 2019 03 23 13 48 04.9  0.030  40   1.2  76  49.2   1  0.000        -9     1 KP201903231348      
 -21.2433  64.1049   1.9  1.6 2019 03 28 09 37 23.0  0.060  57   1.2  62  25.9   1  0.000        -9     1 KP201903280937      
 -21.2527  64.1116   5.0  1.5 2019 04 03 09 55 07.9  0.040  64   1.0  47  28.6   1  0.000        -9     1 KP201904030955      
 -21.3496  64.0085   1.9  3.0 2019 04 03 10 01 14.9  0.040  46   0.7  84  43.3   1  0.000        -9     1 KP201904031001      
 -21.2365  64.0472   4.0  2.8 2019 04 05 20 17 18.2  0.030  61   1.5  75  51.2   1  0.000        -9     1 KP201904052017      
 -21.2372  64.0464   4.0  2.3 2019 04 06 15 50 32.4  0.020  61   1.5  79  48.6   1  0.000        -9     1 KP201904061550      
 -21.2391  64.0481   3.5  2.4 2019 04 08 14 02 48.0  0.030  60   1.4  70  45.4   1  0.000        -9     1 KP201904081402      
 -21.4400  64.0081   3.8  0.5 2019 04 11 03 23 45.9  0.020  90   1.2  40  15.9   1  0.000        -9     1 KP201904110323      
 -21.2673  64.1092   5.7  1.9 2019 04 26 06 51 53.7  0.040  74   0.9  69  39.1   1  0.000        -9     1 KP201904260651      
 -21.1779  64.0567   4.9  1.5 2019 04 28 22 31 00.2  0.030 105   2.5  44  29.8   1  0.000        -9     1 KP201904282231      
 -21.3849  64.0462   1.9  1.3 2019 04 29 19 52 39.2  0.030  45   1.0  52  32.1   1  0.000        -9     1 KP201904291952      
 -21.2053  64.0441   3.9  1.9 2019 04 29 20 54 47.7  0.020  80   3.1  69  43.0   1  0.000        -9     1 KP201904292054      
 -21.2367  64.0485   3.4  2.4 2019 05 12 11 58 07.5  0.030  61   1.5  71  34.2   1  0.000        -9     1 KP201905121158      
 -21.3583  63.9976   1.8  0.9 2019 05 16 14 24 29.4  0.030  55   1.8  30  14.6   1  0.000        -9     1 KP201905161424      
 -21.2414  64.1215   4.2  0.8 2019 05 19 14 05 46.9  0.040  95   0.7  46  24.0   1  0.000        -9     1 KP201905191405      
 -21.1879  64.0584   4.5  1.1 2019 05 20 21 05 23.4  0.030  82   2.5  50  27.6   1  0.000        -9     1 KP201905202105      
 -21.1880  64.0578   4.5  1.0 2019 05 21 18 36 06.6  0.030  82   2.6  49  25.6   1  0.000        -9     1 KP201905211836      
 -21.3630  64.0446   2.0  0.4 2019 05 22 05 47 57.1  0.020  71   0.7  29  15.4   1  0.000        -9     1 KP201905220547      
 -21.3446  64.1105   5.0  2.3 2019 05 24 09 00 02.1  0.030  92   2.1  81  52.4   1  0.000        -9     1 KP201905240900      
 -21.3624  64.0031   1.5  2.9 2019 05 24 19 36 00.8  0.040  53   1.3  73  41.1   1  0.000        -9     1 KP201905241936      
 -21.4243  63.9310   5.4  1.1 2019 05 25 11 17 32.8  0.030 147   1.4  68  29.7   1  0.000        -9     1 KP201905251117      
 -21.3405  64.1132   5.2  2.5 2019 05 26 09 55 31.9  0.030  93   2.1  67  42.9   1  0.000        -9     1 KP201905260955      
 -21.3426  64.1126   4.7  1.9 2019 05 26 10 00 16.9  0.030  93   2.2  70  43.5   1  0.000        -9     1 KP201905261000      
 -21.3440  64.1123   4.7  0.8 2019 05 26 10 57 11.7  0.030  93   2.3  51  18.5   1  0.000        -9     1 KP201905261057      
 -21.3444  64.1123   4.6  0.9 2019 05 26 15 42 35.4  0.040  99   2.3  56  29.2   1  0.000        -9     1 KP201905261542      
 -21.1027  63.9411   8.7  1.6 2019 05 27 02 07 24.1  0.060 152   7.9  62  34.1   1  0.000        -9     1 KP201905270207      
 -21.3601  64.0492   2.1  0.6 2019 05 27 08 29 09.4  0.020  74   1.3  29  14.2   1  0.000        -9     1 KP201905270829      
 -21.3421  64.1123   4.8  0.4 2019 05 27 21 22 32.5  0.020 136   2.2  35  16.8   1  0.000        -9     1 KP201905272122      
 -21.2758  64.1083   1.6  0.7 2019 05 31 18 17 14.2  0.040 103   0.8  30  15.2   1  0.000        -9     1 KP201905311817      
 -21.2758  64.1073   1.7  1.1 2019 05 31 18 30 59.7  0.060  77   0.7  56  24.2   1  0.000        -9     1 KP201905311830      
 -21.3603  64.0510   2.2  0.1 2019 06 03 00 08 32.5  0.010  61   1.4  20   9.0   1  0.000        -9     1 KP201906030008      
 -21.2363  64.1213   3.5  1.2 2019 06 03 13 28 36.9  0.040  97   0.6  67  27.2   1  0.000        -9     1 KP201906031328      
 -21.4037  64.0524   2.1  1.1 2019 06 17 16 32 16.4  0.020  97   1.6  35  19.9   1  0.000        -9     1 KP201906171632      
 -21.3934  64.0554   2.0  1.3 2019 06 27 01 51 07.0  0.020  58   1.1  50  27.0   1  0.000        -9     1 KP201906270151      
 -21.3972  64.0509   3.7  0.4 2019 06 30 00 48 48.5  0.010  54   0.0  50  22.0   1  0.000        -9     1 KP201906300048      
 -21.3996  64.0556   2.0  1.4 2019 07 03 20 09 52.5  0.030  62   0.5  71  35.9   1  0.000        -9     1 KP201907032009_1    
 -21.4019  64.0560   2.5  1.7 2019 07 10 19 58 15.0  0.030  62   0.6  81  45.3   1  0.000        -9     1 KP201907101958      
 -21.3853  64.0473   1.9  1.9 2019 07 24 04 41 06.6  0.030  44   0.7  81  45.5   1  0.000        -9     1 KP201907240441      
 -21.3878  63.9303   3.1  2.3 2019 07 25 22 33 52.6  0.040 151   1.9 116  68.7   1  0.000        -9     1 KP201907252233      
 -21.1794  64.0542   4.7  1.8 2019 08 28 02 31 35.9  0.030  87   2.8  72  43.8   1  0.000        -9     1 KP201908280231      
 -21.2737  64.0840   1.2  2.1 2019 09 11 01 15 53.2  0.040  33   0.7  99  47.8   1  0.000        -9     1 KP201909110115      
 -21.1502  64.0602   5.2  3.0 2019 09 11 09 42 46.7  0.030 110   2.2  95  67.9   1  0.000        -9     1 KP201909110942      
 -21.7970  64.1769   2.1  0.1 2019 10 27 05 50 21.6  0.040  77   0.5  22  10.9   1  0.000        -9     1 KP201910270550      
 -21.8006  64.1784   1.7  0.1 2019 10 28 14 55 26.2  0.020  81   0.6  21   9.0   1  0.000        -9     1 KP201910281455      
 -21.2657  64.1106   5.7  1.5 2020 02 04 19 25 29.7  0.040  73   1.0  69  38.8   1  0.000        -9     1 KP202002041925      
